Analysis & Elaboration report for CPU
Thu Jun 16 11:02:18 2022
Quartus Prime Version 17.1.0 Build 590 10/25/2017 SJ Lite Edition


---------------------
; Table of Contents ;
---------------------
  1. Legal Notice
  2. Analysis & Elaboration Summary
  3. Parallel Compilation
  4. Analysis & Elaboration Settings
  5. Analysis & Elaboration Messages



----------------
; Legal Notice ;
----------------
Copyright (C) 2017  Intel Corporation. All rights reserved.
Your use of Intel Corporation's design tools, logic functions 
and other software and tools, and its AMPP partner logic 
functions, and any output files from any of the foregoing 
(including device programming or simulation files), and any 
associated documentation or information are expressly subject 
to the terms and conditions of the Intel Program License 
Subscription Agreement, the Intel Quartus Prime License Agreement,
the Intel FPGA IP License Agreement, or other applicable license
agreement, including, without limitation, that your use is for
the sole purpose of programming logic devices manufactured by
Intel and sold by Intel or its authorized distributors.  Please
refer to the applicable agreement for further details.



+-----------------------------------------------------------------------------+
; Analysis & Elaboration Summary                                              ;
+-------------------------------+---------------------------------------------+
; Analysis & Elaboration Status ; Successful - Thu Jun 16 11:02:18 2022       ;
; Quartus Prime Version         ; 17.1.0 Build 590 10/25/2017 SJ Lite Edition ;
; Revision Name                 ; CPU                                         ;
; Top-level Entity Name         ; CPU                                         ;
; Family                        ; Cyclone V                                   ;
; Logic utilization (in ALMs)   ; N/A until Partition Merge                   ;
; Total registers               ; N/A until Partition Merge                   ;
; Total pins                    ; N/A until Partition Merge                   ;
; Total virtual pins            ; N/A until Partition Merge                   ;
; Total block memory bits       ; N/A until Partition Merge                   ;
; Total PLLs                    ; N/A until Partition Merge                   ;
; Total DLLs                    ; N/A until Partition Merge                   ;
+-------------------------------+---------------------------------------------+


+------------------------------------------+
; Parallel Compilation                     ;
+----------------------------+-------------+
; Processors                 ; Number      ;
+----------------------------+-------------+
; Number detected on machine ; 4           ;
; Maximum allowed            ; 2           ;
;                            ;             ;
; Average used               ; 1.00        ;
; Maximum used               ; 1           ;
;                            ;             ;
; Usage by Processor         ; % Time Used ;
;     Processor 1            ; 100.0%      ;
+----------------------------+-------------+


+---------------------------------------------------------------------------------------------------------------------------+
; Analysis & Elaboration Settings                                                                                           ;
+---------------------------------------------------------------------------------+--------------------+--------------------+
; Option                                                                          ; Setting            ; Default Value      ;
+---------------------------------------------------------------------------------+--------------------+--------------------+
; Device                                                                          ; 5CGXFC7C7F23C8     ;                    ;
; Top-level entity name                                                           ; CPU                ; CPU                ;
; Family name                                                                     ; Cyclone V          ; Cyclone V          ;
; Use smart compilation                                                           ; Off                ; Off                ;
; Enable parallel Assembler and TimeQuest Timing Analyzer during compilation      ; On                 ; On                 ;
; Enable compact report table                                                     ; Off                ; Off                ;
; Restructure Multiplexers                                                        ; Auto               ; Auto               ;
; MLAB Add Timing Constraints For Mixed-Port Feed-Through Mode Setting Don't Care ; Off                ; Off                ;
; Create Debugging Nodes for IP Cores                                             ; Off                ; Off                ;
; Preserve fewer node names                                                       ; On                 ; On                 ;
; Intel FPGA IP Evaluation Mode                                                   ; Enable             ; Enable             ;
; Verilog Version                                                                 ; Verilog_2001       ; Verilog_2001       ;
; VHDL Version                                                                    ; VHDL_1993          ; VHDL_1993          ;
; State Machine Processing                                                        ; Auto               ; Auto               ;
; Safe State Machine                                                              ; Off                ; Off                ;
; Extract Verilog State Machines                                                  ; On                 ; On                 ;
; Extract VHDL State Machines                                                     ; On                 ; On                 ;
; Ignore Verilog initial constructs                                               ; Off                ; Off                ;
; Iteration limit for constant Verilog loops                                      ; 5000               ; 5000               ;
; Iteration limit for non-constant Verilog loops                                  ; 250                ; 250                ;
; Add Pass-Through Logic to Inferred RAMs                                         ; On                 ; On                 ;
; Infer RAMs from Raw Logic                                                       ; On                 ; On                 ;
; Parallel Synthesis                                                              ; On                 ; On                 ;
; DSP Block Balancing                                                             ; Auto               ; Auto               ;
; NOT Gate Push-Back                                                              ; On                 ; On                 ;
; Power-Up Don't Care                                                             ; On                 ; On                 ;
; Remove Redundant Logic Cells                                                    ; Off                ; Off                ;
; Remove Duplicate Registers                                                      ; On                 ; On                 ;
; Ignore CARRY Buffers                                                            ; Off                ; Off                ;
; Ignore CASCADE Buffers                                                          ; Off                ; Off                ;
; Ignore GLOBAL Buffers                                                           ; Off                ; Off                ;
; Ignore ROW GLOBAL Buffers                                                       ; Off                ; Off                ;
; Ignore LCELL Buffers                                                            ; Off                ; Off                ;
; Ignore SOFT Buffers                                                             ; On                 ; On                 ;
; Limit AHDL Integers to 32 Bits                                                  ; Off                ; Off                ;
; Optimization Technique                                                          ; Balanced           ; Balanced           ;
; Carry Chain Length                                                              ; 70                 ; 70                 ;
; Auto Carry Chains                                                               ; On                 ; On                 ;
; Auto Open-Drain Pins                                                            ; On                 ; On                 ;
; Perform WYSIWYG Primitive Resynthesis                                           ; Off                ; Off                ;
; Auto ROM Replacement                                                            ; On                 ; On                 ;
; Auto RAM Replacement                                                            ; On                 ; On                 ;
; Auto DSP Block Replacement                                                      ; On                 ; On                 ;
; Auto Shift Register Replacement                                                 ; Auto               ; Auto               ;
; Allow Shift Register Merging across Hierarchies                                 ; Auto               ; Auto               ;
; Auto Clock Enable Replacement                                                   ; On                 ; On                 ;
; Strict RAM Replacement                                                          ; Off                ; Off                ;
; Allow Synchronous Control Signals                                               ; On                 ; On                 ;
; Force Use of Synchronous Clear Signals                                          ; Off                ; Off                ;
; Auto Resource Sharing                                                           ; Off                ; Off                ;
; Allow Any RAM Size For Recognition                                              ; Off                ; Off                ;
; Allow Any ROM Size For Recognition                                              ; Off                ; Off                ;
; Allow Any Shift Register Size For Recognition                                   ; Off                ; Off                ;
; Use LogicLock Constraints during Resource Balancing                             ; On                 ; On                 ;
; Ignore translate_off and synthesis_off directives                               ; Off                ; Off                ;
; Timing-Driven Synthesis                                                         ; On                 ; On                 ;
; Report Parameter Settings                                                       ; On                 ; On                 ;
; Report Source Assignments                                                       ; On                 ; On                 ;
; Report Connectivity Checks                                                      ; On                 ; On                 ;
; Ignore Maximum Fan-Out Assignments                                              ; Off                ; Off                ;
; Synchronization Register Chain Length                                           ; 3                  ; 3                  ;
; Power Optimization During Synthesis                                             ; Normal compilation ; Normal compilation ;
; HDL message level                                                               ; Level2             ; Level2             ;
; Suppress Register Optimization Related Messages                                 ; Off                ; Off                ;
; Number of Removed Registers Reported in Synthesis Report                        ; 5000               ; 5000               ;
; Number of Swept Nodes Reported in Synthesis Report                              ; 5000               ; 5000               ;
; Number of Inverted Registers Reported in Synthesis Report                       ; 100                ; 100                ;
; Clock MUX Protection                                                            ; On                 ; On                 ;
; Auto Gated Clock Conversion                                                     ; Off                ; Off                ;
; Block Design Naming                                                             ; Auto               ; Auto               ;
; SDC constraint protection                                                       ; Off                ; Off                ;
; Synthesis Effort                                                                ; Auto               ; Auto               ;
; Shift Register Replacement - Allow Asynchronous Clear Signal                    ; On                 ; On                 ;
; Pre-Mapping Resynthesis Optimization                                            ; Off                ; Off                ;
; Analysis & Synthesis Message Level                                              ; Medium             ; Medium             ;
; Disable Register Merging Across Hierarchies                                     ; Auto               ; Auto               ;
; Resource Aware Inference For Block RAM                                          ; On                 ; On                 ;
; Automatic Parallel Synthesis                                                    ; On                 ; On                 ;
; Partial Reconfiguration Bitstream ID                                            ; Off                ; Off                ;
+---------------------------------------------------------------------------------+--------------------+--------------------+


+---------------------------------+
; Analysis & Elaboration Messages ;
+---------------------------------+
Info: *******************************************************************
Info: Running Quartus Prime Analysis & Elaboration
    Info: Version 17.1.0 Build 590 10/25/2017 SJ Lite Edition
    Info: Processing started: Thu Jun 16 11:02:05 2022
Info: Command: quartus_map --read_settings_files=on --write_settings_files=off CPU -c CPU --analysis_and_elaboration
Warning (18236): Number of processors has not been specified which may cause overloading on shared machines.  Set the global assignment NUM_PARALLEL_PROCESSORS in your QSF to an appropriate value for best performance.
Info (20030): Parallel compilation is enabled and will use 2 of the 2 processors detected
Info (12021): Found 2 design units, including 1 entities, in source file ula.vhd
    Info (12022): Found design unit 1: ULA-LOGIC File: C:/Users/edu11/OneDrive/Desktop/CPU/ULA.vhd Line: 16
    Info (12023): Found entity 1: ULA File: C:/Users/edu11/OneDrive/Desktop/CPU/ULA.vhd Line: 10
Info (12021): Found 2 design units, including 1 entities, in source file tristate.vhd
    Info (12022): Found design unit 1: TRISTATE-LOGIC File: C:/Users/edu11/OneDrive/Desktop/CPU/TRISTATE.vhd Line: 16
    Info (12023): Found entity 1: TRISTATE File: C:/Users/edu11/OneDrive/Desktop/CPU/TRISTATE.vhd Line: 10
Info (12021): Found 2 design units, including 1 entities, in source file reg.vhd
    Info (12022): Found design unit 1: REG-LOGIC File: C:/Users/edu11/OneDrive/Desktop/CPU/REG.vhd Line: 16
    Info (12023): Found entity 1: REG File: C:/Users/edu11/OneDrive/Desktop/CPU/REG.vhd Line: 10
Info (12021): Found 2 design units, including 1 entities, in source file data.vhd
    Info (12022): Found design unit 1: DATA-LOGIC File: C:/Users/edu11/OneDrive/Desktop/CPU/DATA.vhd Line: 18
    Info (12023): Found entity 1: DATA File: C:/Users/edu11/OneDrive/Desktop/CPU/DATA.vhd Line: 10
Info (12021): Found 2 design units, including 1 entities, in source file control.vhd
    Info (12022): Found design unit 1: CONTROL-LOGIC File: C:/Users/edu11/OneDrive/Desktop/CPU/CONTROL.vhd Line: 16
    Info (12023): Found entity 1: CONTROL File: C:/Users/edu11/OneDrive/Desktop/CPU/CONTROL.vhd Line: 10
Info (12021): Found 2 design units, including 1 entities, in source file cpu.vhd
    Info (12022): Found design unit 1: CPU-LOGIC File: C:/Users/edu11/OneDrive/Desktop/CPU/CPU.vhd Line: 19
    Info (12023): Found entity 1: CPU File: C:/Users/edu11/OneDrive/Desktop/CPU/CPU.vhd Line: 11
Info (12127): Elaborating entity "CPU" for the top level hierarchy
Info (12128): Elaborating entity "DATA" for hierarchy "DATA:PDATA" File: C:/Users/edu11/OneDrive/Desktop/CPU/CPU.vhd Line: 40
Info (12128): Elaborating entity "REG" for hierarchy "DATA:PDATA|REG:R0" File: C:/Users/edu11/OneDrive/Desktop/CPU/DATA.vhd Line: 45
Warning (10492): VHDL Process Statement warning at REG.vhd(20): signal "RIN" is read inside the Process Statement but isn't in the Process Statement's sensitivity list File: C:/Users/edu11/OneDrive/Desktop/CPU/REG.vhd Line: 20
Info (12128): Elaborating entity "TRISTATE" for hierarchy "DATA:PDATA|TRISTATE:TRG" File: C:/Users/edu11/OneDrive/Desktop/CPU/DATA.vhd Line: 52
Info (12128): Elaborating entity "ULA" for hierarchy "DATA:PDATA|ULA:UL" File: C:/Users/edu11/OneDrive/Desktop/CPU/DATA.vhd Line: 59
Info (12128): Elaborating entity "CONTROL" for hierarchy "CONTROL:PCONTROL" File: C:/Users/edu11/OneDrive/Desktop/CPU/CPU.vhd Line: 41
Warning (10631): VHDL Process Statement warning at CONTROL.vhd(22): inferring latch(es) for signal or variable "NST", which holds its previous value in one or more paths through the process File: C:/Users/edu11/OneDrive/Desktop/CPU/CONTROL.vhd Line: 22
Warning (10631): VHDL Process Statement warning at CONTROL.vhd(22): inferring latch(es) for signal or variable "R0IN", which holds its previous value in one or more paths through the process File: C:/Users/edu11/OneDrive/Desktop/CPU/CONTROL.vhd Line: 22
Warning (10631): VHDL Process Statement warning at CONTROL.vhd(22): inferring latch(es) for signal or variable "R0T", which holds its previous value in one or more paths through the process File: C:/Users/edu11/OneDrive/Desktop/CPU/CONTROL.vhd Line: 22
Warning (10631): VHDL Process Statement warning at CONTROL.vhd(22): inferring latch(es) for signal or variable "R1IN", which holds its previous value in one or more paths through the process File: C:/Users/edu11/OneDrive/Desktop/CPU/CONTROL.vhd Line: 22
Warning (10631): VHDL Process Statement warning at CONTROL.vhd(22): inferring latch(es) for signal or variable "R1T", which holds its previous value in one or more paths through the process File: C:/Users/edu11/OneDrive/Desktop/CPU/CONTROL.vhd Line: 22
Warning (10631): VHDL Process Statement warning at CONTROL.vhd(22): inferring latch(es) for signal or variable "R2IN", which holds its previous value in one or more paths through the process File: C:/Users/edu11/OneDrive/Desktop/CPU/CONTROL.vhd Line: 22
Warning (10631): VHDL Process Statement warning at CONTROL.vhd(22): inferring latch(es) for signal or variable "R2T", which holds its previous value in one or more paths through the process File: C:/Users/edu11/OneDrive/Desktop/CPU/CONTROL.vhd Line: 22
Warning (10631): VHDL Process Statement warning at CONTROL.vhd(22): inferring latch(es) for signal or variable "R3IN", which holds its previous value in one or more paths through the process File: C:/Users/edu11/OneDrive/Desktop/CPU/CONTROL.vhd Line: 22
Warning (10631): VHDL Process Statement warning at CONTROL.vhd(22): inferring latch(es) for signal or variable "R3T", which holds its previous value in one or more paths through the process File: C:/Users/edu11/OneDrive/Desktop/CPU/CONTROL.vhd Line: 22
Warning (10631): VHDL Process Statement warning at CONTROL.vhd(22): inferring latch(es) for signal or variable "AIN", which holds its previous value in one or more paths through the process File: C:/Users/edu11/OneDrive/Desktop/CPU/CONTROL.vhd Line: 22
Warning (10631): VHDL Process Statement warning at CONTROL.vhd(22): inferring latch(es) for signal or variable "GIN", which holds its previous value in one or more paths through the process File: C:/Users/edu11/OneDrive/Desktop/CPU/CONTROL.vhd Line: 22
Warning (10631): VHDL Process Statement warning at CONTROL.vhd(22): inferring latch(es) for signal or variable "GOUT", which holds its previous value in one or more paths through the process File: C:/Users/edu11/OneDrive/Desktop/CPU/CONTROL.vhd Line: 22
Warning (10631): VHDL Process Statement warning at CONTROL.vhd(22): inferring latch(es) for signal or variable "ADDSUB", which holds its previous value in one or more paths through the process File: C:/Users/edu11/OneDrive/Desktop/CPU/CONTROL.vhd Line: 22
Warning (10631): VHDL Process Statement warning at CONTROL.vhd(22): inferring latch(es) for signal or variable "EXTERN", which holds its previous value in one or more paths through the process File: C:/Users/edu11/OneDrive/Desktop/CPU/CONTROL.vhd Line: 22
Warning (10631): VHDL Process Statement warning at CONTROL.vhd(22): inferring latch(es) for signal or variable "DONE", which holds its previous value in one or more paths through the process File: C:/Users/edu11/OneDrive/Desktop/CPU/CONTROL.vhd Line: 22
Info (10041): Inferred latch for "DONE" at CONTROL.vhd(22) File: C:/Users/edu11/OneDrive/Desktop/CPU/CONTROL.vhd Line: 22
Info (10041): Inferred latch for "EXTERN" at CONTROL.vhd(22) File: C:/Users/edu11/OneDrive/Desktop/CPU/CONTROL.vhd Line: 22
Info (10041): Inferred latch for "ADDSUB" at CONTROL.vhd(22) File: C:/Users/edu11/OneDrive/Desktop/CPU/CONTROL.vhd Line: 22
Info (10041): Inferred latch for "GOUT" at CONTROL.vhd(22) File: C:/Users/edu11/OneDrive/Desktop/CPU/CONTROL.vhd Line: 22
Info (10041): Inferred latch for "GIN" at CONTROL.vhd(22) File: C:/Users/edu11/OneDrive/Desktop/CPU/CONTROL.vhd Line: 22
Info (10041): Inferred latch for "AIN" at CONTROL.vhd(22) File: C:/Users/edu11/OneDrive/Desktop/CPU/CONTROL.vhd Line: 22
Info (10041): Inferred latch for "R3T" at CONTROL.vhd(22) File: C:/Users/edu11/OneDrive/Desktop/CPU/CONTROL.vhd Line: 22
Info (10041): Inferred latch for "R3IN" at CONTROL.vhd(22) File: C:/Users/edu11/OneDrive/Desktop/CPU/CONTROL.vhd Line: 22
Info (10041): Inferred latch for "R2T" at CONTROL.vhd(22) File: C:/Users/edu11/OneDrive/Desktop/CPU/CONTROL.vhd Line: 22
Info (10041): Inferred latch for "R2IN" at CONTROL.vhd(22) File: C:/Users/edu11/OneDrive/Desktop/CPU/CONTROL.vhd Line: 22
Info (10041): Inferred latch for "R1T" at CONTROL.vhd(22) File: C:/Users/edu11/OneDrive/Desktop/CPU/CONTROL.vhd Line: 22
Info (10041): Inferred latch for "R1IN" at CONTROL.vhd(22) File: C:/Users/edu11/OneDrive/Desktop/CPU/CONTROL.vhd Line: 22
Info (10041): Inferred latch for "R0T" at CONTROL.vhd(22) File: C:/Users/edu11/OneDrive/Desktop/CPU/CONTROL.vhd Line: 22
Info (10041): Inferred latch for "R0IN" at CONTROL.vhd(22) File: C:/Users/edu11/OneDrive/Desktop/CPU/CONTROL.vhd Line: 22
Info (10041): Inferred latch for "NST.S8" at CONTROL.vhd(22) File: C:/Users/edu11/OneDrive/Desktop/CPU/CONTROL.vhd Line: 22
Info (10041): Inferred latch for "NST.S7" at CONTROL.vhd(22) File: C:/Users/edu11/OneDrive/Desktop/CPU/CONTROL.vhd Line: 22
Info (10041): Inferred latch for "NST.S6" at CONTROL.vhd(22) File: C:/Users/edu11/OneDrive/Desktop/CPU/CONTROL.vhd Line: 22
Info (10041): Inferred latch for "NST.S5" at CONTROL.vhd(22) File: C:/Users/edu11/OneDrive/Desktop/CPU/CONTROL.vhd Line: 22
Info (10041): Inferred latch for "NST.S4" at CONTROL.vhd(22) File: C:/Users/edu11/OneDrive/Desktop/CPU/CONTROL.vhd Line: 22
Info (10041): Inferred latch for "NST.S3" at CONTROL.vhd(22) File: C:/Users/edu11/OneDrive/Desktop/CPU/CONTROL.vhd Line: 22
Info (10041): Inferred latch for "NST.S2" at CONTROL.vhd(22) File: C:/Users/edu11/OneDrive/Desktop/CPU/CONTROL.vhd Line: 22
Info (10041): Inferred latch for "NST.S1" at CONTROL.vhd(22) File: C:/Users/edu11/OneDrive/Desktop/CPU/CONTROL.vhd Line: 22
Info (10041): Inferred latch for "NST.S0" at CONTROL.vhd(22) File: C:/Users/edu11/OneDrive/Desktop/CPU/CONTROL.vhd Line: 22
Info: Quartus Prime Analysis & Elaboration was successful. 0 errors, 17 warnings
    Info: Peak virtual memory: 4836 megabytes
    Info: Processing ended: Thu Jun 16 11:02:18 2022
    Info: Elapsed time: 00:00:13
    Info: Total CPU time (on all processors): 00:00:27


